e_getUrl
input=false;isEn=false;
example
v_homePage
null
example
e_inputEnglish
input=true;isEn=true;
example
v_homePage
null
example
e_inputChinese
input=true;isEn=false;
example
v_homePage
null
example
e_inputChinese
input=true;isEn=false;
example
v_homePage
null
example
e_inputChinese
input=true;isEn=false;
example
v_homePage
null
example
e_clickSearch
null
example
v_zhResult
null
example
e_clickResult1
closeTab=false;
example
v_resultPage1
null
example
e_closeNewTab
closeTab=true;
example
v_resultPage1
null
example
e_getUrl
input=false;isEn=false;
example
v_homePage
null
example
e_inputEnglish
input=true;isEn=true;
example
v_homePage
null
example
e_clickSearch
null
example
v_enResult
null
example
e_clickResult2
closeTab=false;
example
v_resultPage2
null
example
e_closeNewTab
closeTab=true;
example
v_resultPage2
null
example
e_getUrl
input=false;isEn=false;
example
v_homePage
null
example
This is model log